<?xml version="1.0" encoding="UTF-8"?>
<testsuite xmlns:xsi="http://www.w3.org/2001/XMLSchema-instance" xsi:noNamespaceSchemaLocation="https://maven.apache.org/surefire/maven-surefire-plugin/xsd/surefire-test-report.xsd" name="Tests" time="11.937" tests="3" errors="0" skipped="0" failures="3">
  <properties>
[...]
</properties>
  <testcase name="DataBaseTest" classname="Tests" time="0.457">
    <failure type="java.lang.AssertionError">java.lang.AssertionError
	at Tests.DataBaseTest(Tests.java:63)
</failure>
    <system-out><![CDATA[Precondition: creating database
checking for corresponding population density is below 50 in the USA
Country = Ukraine
Population = 41588354
Area = 603628
population density = 68
Country is not USA and population density bigger than fifty : Country:Ukraine Population density:68
Country = France
Population = 67399000
Area = 640679
population density = 105
Country is not USA and population density bigger than fifty : Country:France Population density:105
Country = USA
Population = 328239523
Area = 9833520
population density = 33
Country is USA and population density is lower than fifty:  Country: USA Population density: 33
Country = China
Population = 1400050000
Area = 9596961
population density = 145
Country is not USA and population density bigger than fifty : Country:China Population density:145
checking for corresponding sum of all four countries is less than 2 billion
Population = 41588354
Total population: 41588354
Population = 67399000
Total population: 108987354
Population = 328239523
Total population: 437226877
Population = 1400050000
Total population: 1837276877
I'm done boi
Closing browser, clean up...
]]></system-out>
  </testcase>
  <testcase name="IFrameTest" classname="Tests" time="10.907">
    <failure message="expected same:&lt;https://www.bing.com/travelguide?q=Redmond&gt; was not:&lt;https://en.wikipedia.org/wiki/Redmond,_Washington&gt;" type="java.lang.AssertionError"><![CDATA[java.lang.AssertionError: expected same:<https://www.bing.com/travelguide?q=Redmond> was not:<https://en.wikipedia.org/wiki/Redmond,_Washington>
	at Tests.IFrameTest(Tests.java:100)
]]></failure>
    <system-out><![CDATA[Going to main page
Replacing link to Bing.com
Click on 'Run' button 
Loading Bing page...
Placing some keys to search input
Checking for a corresponding search tip and click
Done with IFrame
Closing browser, clean up...
]]></system-out>
    <system-err><![CDATA[Starting ChromeDriver 90.0.4430.24 (4c6d850f087da467d926e8eddb76550aed655991-refs/branch-heads/4430@{#429}) on port 8333
Only local connections are allowed.
Please see https://chromedriver.chromium.org/security-considerations for suggestions on keeping ChromeDriver safe.
ChromeDriver was started successfully.
[1624032946.698][WARNING]: This version of ChromeDriver has not been tested with Chrome version 91.
июн. 18, 2021 7:15:46 PM org.openqa.selenium.remote.ProtocolHandshake createSession
INFO: Detected dialect: W3C
]]></system-err>
  </testcase>
  <testcase name="ImageTest" classname="Tests" time="0.433">
    <failure message="expected:&lt;...BRRRQAUUUUAJRRRQB/9k[]&gt; but was:&lt;...BRRRQAUUUUAJRRRQB/9k[=]&gt;" type="org.junit.ComparisonFailure"><![CDATA[org.junit.ComparisonFailure: expected:<...BRRRQAUUUUAJRRRQB/9k[]> but was:<...BRRRQAUUUUAJRRRQB/9k[=]>
	at Tests.ImageTest(Tests.java:44)
]]></failure>
    <system-out><![CDATA[Precondition: downloading image
Checking for image corresponds to example.jpeg in base64
I'm done with images
Closing browser, clean up...
]]></system-out>
  </testcase>
</testsuite>